2020-01-08T10:38:27.034362100 Event : BackyardMQTTSide starting up......  
2020-01-08T10:38:27.034362100 Event : MQTTSide : Reading configuration......  
2020-01-08T10:38:27.034362100 Event : [×]Launchermqttside.config file not found.  
2020-01-08T10:38:27.034362100 Event : Trying to create mqttside.config file......  
> 2020-01-08T10:38:27.268681500 Exception : java.io.FileNotFoundException: config (The system cannot find the file specified)

2020-01-08T10:39:31.033394700 Event : BackyardMQTTSide starting up......  
2020-01-08T10:39:31.033394700 Event : MQTTSide : Reading configuration......  
> 2020-01-08T10:39:31.041015500 Exception : java.io.FileNotFoundException: config (The system cannot find the file specified)

2020-01-08T10:40:38.779126800 Event : BackyardMQTTSide starting up......  
2020-01-08T10:40:38.779126800 Event : MQTTSide : Reading configuration......  
2020-01-08T10:40:38.779126800 Event : [×]Launchermqttside_config file not found.  
2020-01-08T10:40:38.779126800 Event : Trying to create mqttside_config file......  
> 2020-01-08T10:40:39.001517400 Exception : java.io.FileNotFoundException: config (The system cannot find the file specified)

2020-01-08T10:41:30.035124600 Event : BackyardMQTTSide starting up......  
2020-01-08T10:41:30.035124600 Event : MQTTSide : Reading configuration......  
> 2020-01-08T10:41:30.035124600 Exception : java.io.FileNotFoundException: config (The system cannot find the file specified)

2020-01-08T10:41:49.427386100 Event : BackyardMQTTSide starting up......  
2020-01-08T10:41:49.427386100 Event : MQTTSide : Reading configuration......  
> 2020-01-08T10:41:49.427386100 Exception : java.io.FileNotFoundException: config (The system cannot find the file specified)

2020-01-08T10:41:51.886273500 Event : BackyardMQTTSide starting up......  
2020-01-08T10:41:51.886273500 Event : MQTTSide : Reading configuration......  
> 2020-01-08T10:41:54.704916 Exception : java.io.FileNotFoundException: config (The system cannot find the file specified)

2020-01-08T10:42:05.850768500 Event : BackyardMQTTSide starting up......  
2020-01-08T10:42:05.850768500 Event : MQTTSide : Reading configuration......  
2020-01-08T10:42:05.850768500 Event : [×]Launchermqttside.config file not found.  
2020-01-08T10:42:05.850768500 Event : Trying to create mqttside.config file......  
> 2020-01-08T10:42:06.117441900 Exception : java.io.FileNotFoundException: config (The system cannot find the file specified)

