2020-01-06T14:51:04.765907300 Event : Backyard starting up......  
2020-01-06T14:51:04.765907300 Event : Reading configuration......  
2020-01-06T14:51:04.765907300 Event : [×]Launcherconfig file not found.  
2020-01-06T14:51:04.765907300 Event : Trying to create config file......  
2020-01-06T14:51:05.046030 Event : Trying to connect to : tcp://mqtt.visualdust.com......  
2020-01-06T14:51:05.622610 Event : [√]com.visualdust.deliveryBackYard.mqttclient.ServerSideMqttClient@5f150435Connected to tcp://mqtt.visualdust.com:1883 with the identified uid +BackYard_30c23914-c9d2-4d7d-99a4-f4df72d79f46+  
2020-01-06T14:51:05.629662 Event : Added resolver: com.visualdust.deliveryBackYard.Launcher$$Lambda$36/0x0000000800bbc840@282ba1e to com.visualdust.deliveryBackYard.mqttclient.ServerSideMqttClient@5f150435  
2020-01-06T14:51:05.629662 Event : ----------2020-01-06T14:51:05.629662>Version=0.0.3.2>ServerRuntimeClockBump: 1hours after server launch----------  
2020-01-06T14:51:05.629662 Event : Added resolver: com.visualdust.deliveryBackYard.Launcher$$Lambda$37/0x0000000800bbcc40@f5f2bb7 to com.visualdust.deliveryBackYard.mqttclient.ServerSideMqttClient@5f150435  
2020-01-06T14:51:05.629662 Event :   ---<Status of com.visualdust.deliveryBackYard.mqttclient.ServerSideMqttClient@5f150435>---
   [Client]
       <ClientID>              +BackYard_30c23914-c9d2-4d7d-99a4-f4df72d79f46+
       <ResolverCount>         2
   [ConnectionStatus]
       <TargetServerAddress>   tcp://mqtt.visualdust.com
       <CurrentServerAddress>  tcp://mqtt.visualdust.com:1883
       <IsConnected>           true
  
2020-01-06T14:51:05.629662 Event : Launcher postprocessing......  
2020-01-06T14:51:05.629662 Event : [×]Launcherstartupsubscribe not exist  
2020-01-06T14:51:05.629662 Event : Trying to create startupsubscribe file......  
2020-01-06T14:51:05.629662 Event : Subscribe pre-added topics from file......  
2020-01-06T14:51:10.797245400 Event : Subscribed topic "system/+" from com.visualdust.deliveryBackYard.mqttclient.ServerSideMqttClient@5f150435  
2020-01-06T14:51:10.856642600 Event : Subscribed topic "server/+" from com.visualdust.deliveryBackYard.mqttclient.ServerSideMqttClient@5f150435  
2020-01-06T14:51:10.926510500 Event : Subscribed topic "default/+" from com.visualdust.deliveryBackYard.mqttclient.ServerSideMqttClient@5f150435  
2020-01-06T14:56:49.923679300 Event : Input a topic where you want to publish your message   
2020-01-06T14:57:01.253613900 Event : Input a message  
2020-01-06T14:57:20.563795100 Event : com.visualdust.deliveryBackYard.mqttclient.ServerSideMqttClient@5f150435 published "visualdust/toLDM>"Hello there?""  
2020-01-06T14:57:20.563795100 Event : [√]org.eclipse.paho.client.mqttv3.MqttDeliveryToken@3b6922e5, Delivery complete  
2020-01-06T14:58:09.193609900 Event : Input a topic where you want to publish your message   
2020-01-06T14:58:36.373538300 Event : Input a message  
2020-01-06T14:58:42.453669300 Event : com.visualdust.deliveryBackYard.mqttclient.ServerSideMqttClient@5f150435 published "subscribe>"lideming/+""  
2020-01-06T14:58:42.453669300 Event : [√]org.eclipse.paho.client.mqttv3.MqttDeliveryToken@4259056c, Delivery complete  
2020-01-06T15:00:22.643755600 Event :   ---<Status of com.visualdust.deliveryBackYard.mqttclient.ServerSideMqttClient@5f150435>---
   [Client]
       <ClientID>              +BackYard_30c23914-c9d2-4d7d-99a4-f4df72d79f46+
       <ResolverCount>         2
   [ConnectionStatus]
       <TargetServerAddress>   tcp://mqtt.visualdust.com
       <CurrentServerAddress>  tcp://mqtt.visualdust.com:1883
       <IsConnected>           true
  
2020-01-06T15:00:32.273393300 Event : Input a topic you'd like to subscribe   
2020-01-06T15:00:36.843897 Event : Subscribed topic "lideming/+" from com.visualdust.deliveryBackYard.mqttclient.ServerSideMqttClient@5f150435  
2020-01-06T15:18:26.980825200 Event : Backyard starting up......  
2020-01-06T15:18:26.980825200 Event : Reading configuration......  
2020-01-06T15:18:27.040923800 Event : Trying to connect to : tcp://mqtt.visualdust.com......  
2020-01-06T15:18:27.549589200 Event : [√]com.visualdust.deliveryBackYard.mqttclient.ServerSideMqttClient@5f8ed237Connected to tcp://mqtt.visualdust.com:1883 with the identified uid +BackYard_30c23914-c9d2-4d7d-99a4-f4df72d79f46+  
2020-01-06T15:18:27.549589200 Event : ----------2020-01-06T15:18:27.549589200>Version=0.0.3.2>ServerRuntimeClockBump: 2hours after server launch----------  
2020-01-06T15:18:27.549589200 Event :   ---<Status of com.visualdust.deliveryBackYard.mqttclient.ServerSideMqttClient@5f8ed237>---
   [Client]
       <ClientID>              +BackYard_30c23914-c9d2-4d7d-99a4-f4df72d79f46+
       <ResolverCount>         0
   [ConnectionStatus]
       <TargetServerAddress>   tcp://mqtt.visualdust.com
       <CurrentServerAddress>  tcp://mqtt.visualdust.com:1883
       <IsConnected>           true
  
2020-01-06T15:18:27.549589200 Event : Added resolver: com.visualdust.deliveryBackYard.Launcher$$Lambda$33/0x0000000800bbac40@68f7aae2 to com.visualdust.deliveryBackYard.mqttclient.ServerSideMqttClient@5f8ed237  
2020-01-06T15:18:27.549589200 Event : Added resolver: com.visualdust.deliveryBackYard.Launcher$$Lambda$34/0x0000000800bbb040@4c3e4790 to com.visualdust.deliveryBackYard.mqttclient.ServerSideMqttClient@5f8ed237  
2020-01-06T15:18:27.549589200 Event : Launcher postprocessing......  
2020-01-06T15:18:27.549589200 Event : Subscribe pre-added topics from file......  
2020-01-06T15:18:32.612414100 Event : Subscribed topic "system/+" from com.visualdust.deliveryBackYard.mqttclient.ServerSideMqttClient@5f8ed237  
2020-01-06T15:18:32.670074300 Event : Subscribed topic "server/+" from com.visualdust.deliveryBackYard.mqttclient.ServerSideMqttClient@5f8ed237  
2020-01-06T15:18:32.731925900 Event : Subscribed topic "default/+" from com.visualdust.deliveryBackYard.mqttclient.ServerSideMqttClient@5f8ed237  
